<?xml version="1.0" encoding="UTF-8"?>
<testng-results ignored="0" total="1" passed="1" failed="0" skipped="0">
  <reporter-output>
  </reporter-output>
  <suite started-at="2023-02-03T16:54:42 IST" name="Surefire suite" finished-at="2023-02-03T16:55:02 IST" duration-ms="20227">
    <groups>
    </groups>
    <test started-at="2023-02-03T16:54:42 IST" name="Surefire test" finished-at="2023-02-03T16:55:02 IST" duration-ms="20227">
      <class name="com.herokuapp.theinternet.PositiveTest">
        <test-method signature="loginTest()[pri:0, instance:com.herokuapp.theinternet.PositiveTest@38c5cc4c]" started-at="2023-02-03T16:54:42 IST" name="loginTest" finished-at="2023-02-03T16:55:02 IST" duration-ms="20172" status="PASS">
          <reporter-output>
          </reporter-output>
        </test-method> <!-- loginTest -->
      </class> <!-- com.herokuapp.theinternet.PositiveTest -->
    </test> <!-- Surefire test -->
  </suite> <!-- Surefire suite -->
</testng-results>
